


ARM Macro Assembler    Page 1 


    1 00000000         ;/*!
    2 00000000         ; * @file       startup_apm32f00x.s
    3 00000000         ; *
    4 00000000         ; * @brief      CMSIS Cortex-M0 PLUS based Core Device S
                       tartup File for Device startup_apm32f00x
    5 00000000         ; *
    6 00000000         ; * @version    V1.0.1
    7 00000000         ; *
    8 00000000         ; * @date       2022-04-11
    9 00000000         ; *
   10 00000000         ; * @attention
   11 00000000         ; *
   12 00000000         ; *  Copyright (C) 2018-2022 Geehy Semiconductor
   13 00000000         ; *
   14 00000000         ; *  You may not use this file except in compliance with
                        the
   15 00000000         ; *  GEEHY COPYRIGHT NOTICE (GEEHY SOFTWARE PACKAGE LICE
                       NSE).
   16 00000000         ; *
   17 00000000         ; *  The program is only for reference, which is distrib
                       uted in the hope
   18 00000000         ; *  that it will be usefull and instructional for custo
                       mers to develop
   19 00000000         ; *  their software. Unless required by applicable law o
                       r agreed to in
   20 00000000         ; *  writing, the program is distributed on an "AS IS" B
                       ASIS, WITHOUT
   21 00000000         ; *  ANY WARRANTY OR CONDITIONS OF ANY KIND, either expr
                       ess or implied.
   22 00000000         ; *  See the GEEHY SOFTWARE PACKAGE LICENSE for the gove
                       rning permissions
   23 00000000         ; *  and limitations under the License.
   24 00000000         ; */
   25 00000000         
   26 00000000         ;<h> Stack Configuration
   27 00000000         ;  <o> Stack Size (in Bytes) <0x0-0xFFFFFFFF:8>
   28 00000000         ;</h>
   29 00000000         
   30 00000000 00000400 
                       Stack_Size
                               EQU              0x00000400
   31 00000000         
   32 00000000                 AREA             STACK, NOINIT, READWRITE, ALIGN
=3
   33 00000000         __stack_limit
   34 00000000         Stack_Mem
                               SPACE            Stack_Size
   35 00000400         __initial_sp
   36 00000400         
   37 00000400         
   38 00000400         ; <h> Heap Configuration
   39 00000400         ;   <o>  Heap Size (in Bytes) <0x0-0xFFFFFFFF:8>
   40 00000400         ; </h>
   41 00000400         
   42 00000400 00000200 
                       Heap_Size
                               EQU              0x00000200
   43 00000400         
   44 00000400                 IF               Heap_Size != 0 



ARM Macro Assembler    Page 2 


                                                            ; Heap is provided
   45 00000400                 AREA             HEAP, NOINIT, READWRITE, ALIGN=
3
   46 00000000         __heap_base
   47 00000000         Heap_Mem
                               SPACE            Heap_Size
   48 00000200         __heap_limit
   49 00000200                 ENDIF
   50 00000200                 PRESERVE8
   51 00000200                 THUMB
   52 00000200         
   53 00000200         
   54 00000200         ; Vector Table Mapped to Address 0 at Reset
   55 00000200                 AREA             RESET, DATA, READONLY
   56 00000000                 EXPORT           __Vectors
   57 00000000                 EXPORT           __Vectors_End
   58 00000000                 EXPORT           __Vectors_Size
   59 00000000         
   60 00000000 00000000 
                       __Vectors
                               DCD              __initial_sp ; Top of Stack
   61 00000004 00000000        DCD              Reset_Handler ; Reset Handler
   62 00000008 00000000        DCD              NMI_Handler ; NMI Handler
   63 0000000C 00000000        DCD              HardFault_Handler ; Hard Fault 
                                                            Handler
   64 00000010 00000000        DCD              0           ; Reserved
   65 00000014 00000000        DCD              0           ; Reserved
   66 00000018 00000000        DCD              0           ; Reserved
   67 0000001C 00000000        DCD              0           ; Reserved
   68 00000020 00000000        DCD              0           ; Reserved
   69 00000024 00000000        DCD              0           ; Reserved
   70 00000028 00000000        DCD              0           ; Reserved
   71 0000002C 00000000        DCD              SVC_Handler ; SVCall Handler
   72 00000030 00000000        DCD              0           ; Reserved
   73 00000034 00000000        DCD              0           ; Reserved
   74 00000038 00000000        DCD              PendSV_Handler ; PendSV Handler
                                                            
   75 0000003C 00000000        DCD              SysTick_Handler 
                                                            ; SysTick Handler
   76 00000040         
   77 00000040         ; External Interrupts
   78 00000040 00000000        DCD              0           ; Reserved
   79 00000044 00000000        DCD              WUPT_IRQHandler ; Wakeup timer
   80 00000048 00000000        DCD              RCM_IRQHandler ; Clock controle
                                                            r interrupt
   81 0000004C 00000000        DCD              EINTA_IRQHandler ; Port A exter
                                                            nal interrupts
   82 00000050 00000000        DCD              EINTB_IRQHandler ; Port B exter
                                                            nal interrupts
   83 00000054 00000000        DCD              EINTC_IRQHandler ; Port C exter
                                                            nal interrupts
   84 00000058 00000000        DCD              EINTD_IRQHandler ; Port D exter
                                                            nal interrupts
   85 0000005C 00000000        DCD              0           ; Reserved
   86 00000060 00000000        DCD              0           ; Reserved
   87 00000064 00000000        DCD              0           ; Reserved
   88 00000068 00000000        DCD              SPI_IRQHandler ; SPI Interrupt
   89 0000006C 00000000        DCD              TMR1_UT_IRQHandler ; TIMER1 upd
                                                            ate/overflow/underf



ARM Macro Assembler    Page 3 


                                                            low/trigger/break i
                                                            nterrupt
   90 00000070 00000000        DCD              TMR1_CC_IRQHandler ; TIMER1 cap
                                                            ture/compare interr
                                                            upt
   91 00000074 00000000        DCD              TMR2_UO_IRQHandler ; TIMER2 upd
                                                            ate /overflow inter
                                                            rupt
   92 00000078 00000000        DCD              TMR2_CC_IRQHandler ; TIMER2 cap
                                                            ture/compare interr
                                                            upt
   93 0000007C 00000000        DCD              0           ; Reserved
   94 00000080 00000000        DCD              0           ; Reserved
   95 00000084 00000000        DCD              USART1_TX_IRQHandler ; USART1 T
                                                            X interrupt
   96 00000088 00000000        DCD              USART1_RX_IRQHandler ; USART1 R
                                                            X interrupt
   97 0000008C 00000000        DCD              IIC_IRQHandler ; I2C Interrupt
   98 00000090 00000000        DCD              0           ; Reserved
   99 00000094 00000000        DCD              0           ; Reserved
  100 00000098 00000000        DCD              ADC_IRQHandler ; ADC interrupt
  101 0000009C 00000000        DCD              TMR4_IRQHandler 
                                                            ; TIMER4 interrupt
  102 000000A0 00000000        DCD              FLASH_IRQHandler 
                                                            ; Flash interrupt
  103 000000A4 00000000        DCD              USART3_TX_IRQHandler ; USART3 T
                                                            X interrupt
  104 000000A8 00000000        DCD              USART3_RX_IRQHandler ; USART3 R
                                                            X interrupt
  105 000000AC 00000000        DCD              USART2_TX_IRQHandler ; USART2 T
                                                            X interrupt
  106 000000B0 00000000        DCD              USART2_RX_IRQHandler ; USART2 R
                                                            X interrupt
  107 000000B4 00000000        DCD              TMR1A_UT_IRQHandler ; TIMER1A u
                                                            pdate/overflow/unde
                                                            rflow/trigger/break
                                                             interrupt
  108 000000B8 00000000        DCD              TMR1A_CC_IRQHandler ; TIMER1A c
                                                            apture/compare inte
                                                            rrupt
  109 000000BC         
  110 000000BC         __Vectors_End
  111 000000BC         
  112 000000BC 000000BC 
                       __Vectors_Size
                               EQU              __Vectors_End - __Vectors
  113 000000BC         
  114 000000BC                 AREA             |.text|, CODE, READONLY
  115 00000000         
  116 00000000         ; Reset handler routine
  117 00000000         Reset_Handler
                               PROC
  118 00000000                 EXPORT           Reset_Handler                 [
WEAK]
  119 00000000                 IMPORT           __main
  120 00000000                 IMPORT           SystemInit
  121 00000000         
  122 00000000         
  123 00000000         



ARM Macro Assembler    Page 4 


  124 00000000 4809            LDR              R0, =__initial_sp 
                                                            ; set stack pointer
                                                            
  125 00000002 F380 8808       MSR              MSP, R0
  126 00000006         
  127 00000006 4809            LDR              R0, =SystemInit
  128 00000008 4780            BLX              R0
  129 0000000A 4809            LDR              R0, =__main
  130 0000000C 4700            BX               R0
  131 0000000E                 ENDP
  132 0000000E         
  133 0000000E         ; Dummy Exception Handlers (infinite loops which can be 
                       modified)
  134 0000000E         
  135 0000000E         NMI_Handler
                               PROC
  136 0000000E                 EXPORT           NMI_Handler                    
[WEAK]
  137 0000000E E7FE            B                .
  138 00000010                 ENDP
  140 00000010         HardFault_Handler
                               PROC
  141 00000010                 EXPORT           HardFault_Handler              
[WEAK]
  142 00000010 E7FE            B                .
  143 00000012                 ENDP
  144 00000012         SVC_Handler
                               PROC
  145 00000012                 EXPORT           SVC_Handler                    
[WEAK]
  146 00000012 E7FE            B                .
  147 00000014                 ENDP
  148 00000014         PendSV_Handler
                               PROC
  149 00000014                 EXPORT           PendSV_Handler                 
[WEAK]
  150 00000014 E7FE            B                .
  151 00000016                 ENDP
  152 00000016         SysTick_Handler
                               PROC
  153 00000016                 EXPORT           SysTick_Handler                
[WEAK]
  154 00000016 E7FE            B                .
  155 00000018                 ENDP
  156 00000018         
  157 00000018         Default_Handler
                               PROC
  158 00000018         
  159 00000018                 EXPORT           WUPT_IRQHandler                
 [WEAK]
  160 00000018                 EXPORT           RCM_IRQHandler                 
 [WEAK]
  161 00000018                 EXPORT           EINTA_IRQHandler               
 [WEAK]
  162 00000018                 EXPORT           EINTB_IRQHandler               
 [WEAK]
  163 00000018                 EXPORT           EINTC_IRQHandler               
 [WEAK]
  164 00000018                 EXPORT           EINTD_IRQHandler               



ARM Macro Assembler    Page 5 


 [WEAK]
  165 00000018                 EXPORT           SPI_IRQHandler                 
 [WEAK]
  166 00000018                 EXPORT           TMR1_UT_IRQHandler             
 [WEAK]
  167 00000018                 EXPORT           TMR1_CC_IRQHandler             
 [WEAK]
  168 00000018                 EXPORT           TMR2_UO_IRQHandler             
 [WEAK]
  169 00000018                 EXPORT           TMR2_CC_IRQHandler             
 [WEAK]
  170 00000018                 EXPORT           USART1_TX_IRQHandler           
 [WEAK]
  171 00000018                 EXPORT           USART1_RX_IRQHandler           
 [WEAK]
  172 00000018                 EXPORT           IIC_IRQHandler                 
 [WEAK]
  173 00000018                 EXPORT           ADC_IRQHandler                 
 [WEAK]
  174 00000018                 EXPORT           TMR4_IRQHandler                
 [WEAK]
  175 00000018                 EXPORT           FLASH_IRQHandler               
 [WEAK]
  176 00000018                 EXPORT           USART3_TX_IRQHandler           
 [WEAK]
  177 00000018                 EXPORT           USART3_RX_IRQHandler           
 [WEAK]
  178 00000018                 EXPORT           USART2_TX_IRQHandler           
 [WEAK]
  179 00000018                 EXPORT           USART2_RX_IRQHandler           
 [WEAK]
  180 00000018                 EXPORT           TMR1A_UT_IRQHandler            
 [WEAK]
  181 00000018                 EXPORT           TMR1A_CC_IRQHandler            
 [WEAK]
  182 00000018         
  183 00000018         
  184 00000018         WUPT_IRQHandler
  185 00000018         RCM_IRQHandler
  186 00000018         EINTA_IRQHandler
  187 00000018         EINTB_IRQHandler
  188 00000018         EINTC_IRQHandler
  189 00000018         EINTD_IRQHandler
  190 00000018         SPI_IRQHandler
  191 00000018         TMR1_UT_IRQHandler
  192 00000018         TMR1_CC_IRQHandler
  193 00000018         TMR2_UO_IRQHandler
  194 00000018         TMR2_CC_IRQHandler
  195 00000018         USART1_TX_IRQHandler
  196 00000018         USART1_RX_IRQHandler
  197 00000018         IIC_IRQHandler
  198 00000018         ADC_IRQHandler
  199 00000018         TMR4_IRQHandler
  200 00000018         FLASH_IRQHandler
  201 00000018         USART3_TX_IRQHandler
  202 00000018         USART3_RX_IRQHandler
  203 00000018         USART2_TX_IRQHandler
  204 00000018         USART2_RX_IRQHandler
  205 00000018         TMR1A_UT_IRQHandler



ARM Macro Assembler    Page 6 


  206 00000018         TMR1A_CC_IRQHandler
  207 00000018         
  208 00000018 E7FE            B                .
  209 0000001A         
  210 0000001A                 ENDP
  211 0000001A         
  212 0000001A 00 00           ALIGN
  213 0000001C         
  214 0000001C         ;*******************************************************
                       ************************
  215 0000001C         ; User Stack and Heap initialization
  216 0000001C         ;*******************************************************
                       ************************
  217 0000001C                 IF               :DEF:__MICROLIB
  224 0000001C         
  225 0000001C                 IMPORT           __use_two_region_memory
  226 0000001C                 EXPORT           __user_initial_stackheap
  227 0000001C         
  228 0000001C         __user_initial_stackheap
  229 0000001C         
  230 0000001C 4805            LDR              R0, =  Heap_Mem
  231 0000001E 4906            LDR              R1, =(Stack_Mem + Stack_Size)
  232 00000020 4A06            LDR              R2, = (Heap_Mem +  Heap_Size)
  233 00000022 4B07            LDR              R3, = Stack_Mem
  234 00000024 4770            BX               LR
  235 00000026         
  236 00000026 00 00           ALIGN
  237 00000028         
  238 00000028                 ENDIF
  239 00000028         
  240 00000028                 END
              00000000 
              00000000 
              00000000 
              00000000 
              00000400 
              00000200 
              00000000 
Command Line: --debug --xref --diag_suppress=9931 --cpu=Cortex-M0+ --apcs=inter
work --depend=.\objects\startup_apm32f0xx.d -o.\objects\startup_apm32f0xx.o -IC
:\Users\Admin\AppData\Local\Arm\Packs\Geehy\APM32F00x_DFP\1.0.4\Device\Include 
-IC:\Keil_v5\ARM\CMSIS\Include --predefine="__UVISION_VERSION SETA 536" --prede
fine="APM32F00x_MD SETA 1" --predefine="USE_STDPERIPH_DRIVER SETA 1" --list=.\l
istings\startup_apm32f0xx.lst ..\..\..\Library\Device\Geehy\APM32F00x\Source\ar
m\startup_apm32f0xx.s



ARM Macro Assembler    Page 1 Alphabetic symbol ordering
Relocatable symbols

STACK 00000000

Symbol: STACK
   Definitions
      At line 32 in file ..\..\..\Library\Device\Geehy\APM32F00x\Source\arm\sta
rtup_apm32f0xx.s
   Uses
      None
Comment: STACK unused
Stack_Mem 00000000

Symbol: Stack_Mem
   Definitions
      At line 34 in file ..\..\..\Library\Device\Geehy\APM32F00x\Source\arm\sta
rtup_apm32f0xx.s
   Uses
      At line 231 in file ..\..\..\Library\Device\Geehy\APM32F00x\Source\arm\st
artup_apm32f0xx.s
      At line 233 in file ..\..\..\Library\Device\Geehy\APM32F00x\Source\arm\st
artup_apm32f0xx.s

__initial_sp 00000400

Symbol: __initial_sp
   Definitions
      At line 35 in file ..\..\..\Library\Device\Geehy\APM32F00x\Source\arm\sta
rtup_apm32f0xx.s
   Uses
      At line 60 in file ..\..\..\Library\Device\Geehy\APM32F00x\Source\arm\sta
rtup_apm32f0xx.s
      At line 124 in file ..\..\..\Library\Device\Geehy\APM32F00x\Source\arm\st
artup_apm32f0xx.s

__stack_limit 00000000

Symbol: __stack_limit
   Definitions
      At line 33 in file ..\..\..\Library\Device\Geehy\APM32F00x\Source\arm\sta
rtup_apm32f0xx.s
   Uses
      None
Comment: __stack_limit unused
4 symbols



ARM Macro Assembler    Page 1 Alphabetic symbol ordering
Relocatable symbols

HEAP 00000000

Symbol: HEAP
   Definitions
      At line 45 in file ..\..\..\Library\Device\Geehy\APM32F00x\Source\arm\sta
rtup_apm32f0xx.s
   Uses
      None
Comment: HEAP unused
Heap_Mem 00000000

Symbol: Heap_Mem
   Definitions
      At line 47 in file ..\..\..\Library\Device\Geehy\APM32F00x\Source\arm\sta
rtup_apm32f0xx.s
   Uses
      At line 230 in file ..\..\..\Library\Device\Geehy\APM32F00x\Source\arm\st
artup_apm32f0xx.s
      At line 232 in file ..\..\..\Library\Device\Geehy\APM32F00x\Source\arm\st
artup_apm32f0xx.s

__heap_base 00000000

Symbol: __heap_base
   Definitions
      At line 46 in file ..\..\..\Library\Device\Geehy\APM32F00x\Source\arm\sta
rtup_apm32f0xx.s
   Uses
      None
Comment: __heap_base unused
__heap_limit 00000200

Symbol: __heap_limit
   Definitions
      At line 48 in file ..\..\..\Library\Device\Geehy\APM32F00x\Source\arm\sta
rtup_apm32f0xx.s
   Uses
      None
Comment: __heap_limit unused
4 symbols



ARM Macro Assembler    Page 1 Alphabetic symbol ordering
Relocatable symbols

RESET 00000000

Symbol: RESET
   Definitions
      At line 55 in file ..\..\..\Library\Device\Geehy\APM32F00x\Source\arm\sta
rtup_apm32f0xx.s
   Uses
      None
Comment: RESET unused
__Vectors 00000000

Symbol: __Vectors
   Definitions
      At line 60 in file ..\..\..\Library\Device\Geehy\APM32F00x\Source\arm\sta
rtup_apm32f0xx.s
   Uses
      At line 56 in file ..\..\..\Library\Device\Geehy\APM32F00x\Source\arm\sta
rtup_apm32f0xx.s
      At line 112 in file ..\..\..\Library\Device\Geehy\APM32F00x\Source\arm\st
artup_apm32f0xx.s

__Vectors_End 000000BC

Symbol: __Vectors_End
   Definitions
      At line 110 in file ..\..\..\Library\Device\Geehy\APM32F00x\Source\arm\st
artup_apm32f0xx.s
   Uses
      At line 57 in file ..\..\..\Library\Device\Geehy\APM32F00x\Source\arm\sta
rtup_apm32f0xx.s
      At line 112 in file ..\..\..\Library\Device\Geehy\APM32F00x\Source\arm\st
artup_apm32f0xx.s

3 symbols



ARM Macro Assembler    Page 1 Alphabetic symbol ordering
Relocatable symbols

.text 00000000

Symbol: .text
   Definitions
      At line 114 in file ..\..\..\Library\Device\Geehy\APM32F00x\Source\arm\st
artup_apm32f0xx.s
   Uses
      None
Comment: .text unused
ADC_IRQHandler 00000018

Symbol: ADC_IRQHandler
   Definitions
      At line 198 in file ..\..\..\Library\Device\Geehy\APM32F00x\Source\arm\st
artup_apm32f0xx.s
   Uses
      At line 100 in file ..\..\..\Library\Device\Geehy\APM32F00x\Source\arm\st
artup_apm32f0xx.s
      At line 173 in file ..\..\..\Library\Device\Geehy\APM32F00x\Source\arm\st
artup_apm32f0xx.s

Default_Handler 00000018

Symbol: Default_Handler
   Definitions
      At line 157 in file ..\..\..\Library\Device\Geehy\APM32F00x\Source\arm\st
artup_apm32f0xx.s
   Uses
      None
Comment: Default_Handler unused
EINTA_IRQHandler 00000018

Symbol: EINTA_IRQHandler
   Definitions
      At line 186 in file ..\..\..\Library\Device\Geehy\APM32F00x\Source\arm\st
artup_apm32f0xx.s
   Uses
      At line 81 in file ..\..\..\Library\Device\Geehy\APM32F00x\Source\arm\sta
rtup_apm32f0xx.s
      At line 161 in file ..\..\..\Library\Device\Geehy\APM32F00x\Source\arm\st
artup_apm32f0xx.s

EINTB_IRQHandler 00000018

Symbol: EINTB_IRQHandler
   Definitions
      At line 187 in file ..\..\..\Library\Device\Geehy\APM32F00x\Source\arm\st
artup_apm32f0xx.s
   Uses
      At line 82 in file ..\..\..\Library\Device\Geehy\APM32F00x\Source\arm\sta
rtup_apm32f0xx.s
      At line 162 in file ..\..\..\Library\Device\Geehy\APM32F00x\Source\arm\st
artup_apm32f0xx.s

EINTC_IRQHandler 00000018

Symbol: EINTC_IRQHandler
   Definitions
      At line 188 in file ..\..\..\Library\Device\Geehy\APM32F00x\Source\arm\st



ARM Macro Assembler    Page 2 Alphabetic symbol ordering
Relocatable symbols

artup_apm32f0xx.s
   Uses
      At line 83 in file ..\..\..\Library\Device\Geehy\APM32F00x\Source\arm\sta
rtup_apm32f0xx.s
      At line 163 in file ..\..\..\Library\Device\Geehy\APM32F00x\Source\arm\st
artup_apm32f0xx.s

EINTD_IRQHandler 00000018

Symbol: EINTD_IRQHandler
   Definitions
      At line 189 in file ..\..\..\Library\Device\Geehy\APM32F00x\Source\arm\st
artup_apm32f0xx.s
   Uses
      At line 84 in file ..\..\..\Library\Device\Geehy\APM32F00x\Source\arm\sta
rtup_apm32f0xx.s
      At line 164 in file ..\..\..\Library\Device\Geehy\APM32F00x\Source\arm\st
artup_apm32f0xx.s

FLASH_IRQHandler 00000018

Symbol: FLASH_IRQHandler
   Definitions
      At line 200 in file ..\..\..\Library\Device\Geehy\APM32F00x\Source\arm\st
artup_apm32f0xx.s
   Uses
      At line 102 in file ..\..\..\Library\Device\Geehy\APM32F00x\Source\arm\st
artup_apm32f0xx.s
      At line 175 in file ..\..\..\Library\Device\Geehy\APM32F00x\Source\arm\st
artup_apm32f0xx.s

HardFault_Handler 00000010

Symbol: HardFault_Handler
   Definitions
      At line 140 in file ..\..\..\Library\Device\Geehy\APM32F00x\Source\arm\st
artup_apm32f0xx.s
   Uses
      At line 63 in file ..\..\..\Library\Device\Geehy\APM32F00x\Source\arm\sta
rtup_apm32f0xx.s
      At line 141 in file ..\..\..\Library\Device\Geehy\APM32F00x\Source\arm\st
artup_apm32f0xx.s

IIC_IRQHandler 00000018

Symbol: IIC_IRQHandler
   Definitions
      At line 197 in file ..\..\..\Library\Device\Geehy\APM32F00x\Source\arm\st
artup_apm32f0xx.s
   Uses
      At line 97 in file ..\..\..\Library\Device\Geehy\APM32F00x\Source\arm\sta
rtup_apm32f0xx.s
      At line 172 in file ..\..\..\Library\Device\Geehy\APM32F00x\Source\arm\st
artup_apm32f0xx.s

NMI_Handler 0000000E

Symbol: NMI_Handler
   Definitions



ARM Macro Assembler    Page 3 Alphabetic symbol ordering
Relocatable symbols

      At line 135 in file ..\..\..\Library\Device\Geehy\APM32F00x\Source\arm\st
artup_apm32f0xx.s
   Uses
      At line 62 in file ..\..\..\Library\Device\Geehy\APM32F00x\Source\arm\sta
rtup_apm32f0xx.s
      At line 136 in file ..\..\..\Library\Device\Geehy\APM32F00x\Source\arm\st
artup_apm32f0xx.s

PendSV_Handler 00000014

Symbol: PendSV_Handler
   Definitions
      At line 148 in file ..\..\..\Library\Device\Geehy\APM32F00x\Source\arm\st
artup_apm32f0xx.s
   Uses
      At line 74 in file ..\..\..\Library\Device\Geehy\APM32F00x\Source\arm\sta
rtup_apm32f0xx.s
      At line 149 in file ..\..\..\Library\Device\Geehy\APM32F00x\Source\arm\st
artup_apm32f0xx.s

RCM_IRQHandler 00000018

Symbol: RCM_IRQHandler
   Definitions
      At line 185 in file ..\..\..\Library\Device\Geehy\APM32F00x\Source\arm\st
artup_apm32f0xx.s
   Uses
      At line 80 in file ..\..\..\Library\Device\Geehy\APM32F00x\Source\arm\sta
rtup_apm32f0xx.s
      At line 160 in file ..\..\..\Library\Device\Geehy\APM32F00x\Source\arm\st
artup_apm32f0xx.s

Reset_Handler 00000000

Symbol: Reset_Handler
   Definitions
      At line 117 in file ..\..\..\Library\Device\Geehy\APM32F00x\Source\arm\st
artup_apm32f0xx.s
   Uses
      At line 61 in file ..\..\..\Library\Device\Geehy\APM32F00x\Source\arm\sta
rtup_apm32f0xx.s
      At line 118 in file ..\..\..\Library\Device\Geehy\APM32F00x\Source\arm\st
artup_apm32f0xx.s

SPI_IRQHandler 00000018

Symbol: SPI_IRQHandler
   Definitions
      At line 190 in file ..\..\..\Library\Device\Geehy\APM32F00x\Source\arm\st
artup_apm32f0xx.s
   Uses
      At line 88 in file ..\..\..\Library\Device\Geehy\APM32F00x\Source\arm\sta
rtup_apm32f0xx.s
      At line 165 in file ..\..\..\Library\Device\Geehy\APM32F00x\Source\arm\st
artup_apm32f0xx.s

SVC_Handler 00000012

Symbol: SVC_Handler



ARM Macro Assembler    Page 4 Alphabetic symbol ordering
Relocatable symbols

   Definitions
      At line 144 in file ..\..\..\Library\Device\Geehy\APM32F00x\Source\arm\st
artup_apm32f0xx.s
   Uses
      At line 71 in file ..\..\..\Library\Device\Geehy\APM32F00x\Source\arm\sta
rtup_apm32f0xx.s
      At line 145 in file ..\..\..\Library\Device\Geehy\APM32F00x\Source\arm\st
artup_apm32f0xx.s

SysTick_Handler 00000016

Symbol: SysTick_Handler
   Definitions
      At line 152 in file ..\..\..\Library\Device\Geehy\APM32F00x\Source\arm\st
artup_apm32f0xx.s
   Uses
      At line 75 in file ..\..\..\Library\Device\Geehy\APM32F00x\Source\arm\sta
rtup_apm32f0xx.s
      At line 153 in file ..\..\..\Library\Device\Geehy\APM32F00x\Source\arm\st
artup_apm32f0xx.s

TMR1A_CC_IRQHandler 00000018

Symbol: TMR1A_CC_IRQHandler
   Definitions
      At line 206 in file ..\..\..\Library\Device\Geehy\APM32F00x\Source\arm\st
artup_apm32f0xx.s
   Uses
      At line 108 in file ..\..\..\Library\Device\Geehy\APM32F00x\Source\arm\st
artup_apm32f0xx.s
      At line 181 in file ..\..\..\Library\Device\Geehy\APM32F00x\Source\arm\st
artup_apm32f0xx.s

TMR1A_UT_IRQHandler 00000018

Symbol: TMR1A_UT_IRQHandler
   Definitions
      At line 205 in file ..\..\..\Library\Device\Geehy\APM32F00x\Source\arm\st
artup_apm32f0xx.s
   Uses
      At line 107 in file ..\..\..\Library\Device\Geehy\APM32F00x\Source\arm\st
artup_apm32f0xx.s
      At line 180 in file ..\..\..\Library\Device\Geehy\APM32F00x\Source\arm\st
artup_apm32f0xx.s

TMR1_CC_IRQHandler 00000018

Symbol: TMR1_CC_IRQHandler
   Definitions
      At line 192 in file ..\..\..\Library\Device\Geehy\APM32F00x\Source\arm\st
artup_apm32f0xx.s
   Uses
      At line 90 in file ..\..\..\Library\Device\Geehy\APM32F00x\Source\arm\sta
rtup_apm32f0xx.s
      At line 167 in file ..\..\..\Library\Device\Geehy\APM32F00x\Source\arm\st
artup_apm32f0xx.s

TMR1_UT_IRQHandler 00000018




ARM Macro Assembler    Page 5 Alphabetic symbol ordering
Relocatable symbols

Symbol: TMR1_UT_IRQHandler
   Definitions
      At line 191 in file ..\..\..\Library\Device\Geehy\APM32F00x\Source\arm\st
artup_apm32f0xx.s
   Uses
      At line 89 in file ..\..\..\Library\Device\Geehy\APM32F00x\Source\arm\sta
rtup_apm32f0xx.s
      At line 166 in file ..\..\..\Library\Device\Geehy\APM32F00x\Source\arm\st
artup_apm32f0xx.s

TMR2_CC_IRQHandler 00000018

Symbol: TMR2_CC_IRQHandler
   Definitions
      At line 194 in file ..\..\..\Library\Device\Geehy\APM32F00x\Source\arm\st
artup_apm32f0xx.s
   Uses
      At line 92 in file ..\..\..\Library\Device\Geehy\APM32F00x\Source\arm\sta
rtup_apm32f0xx.s
      At line 169 in file ..\..\..\Library\Device\Geehy\APM32F00x\Source\arm\st
artup_apm32f0xx.s

TMR2_UO_IRQHandler 00000018

Symbol: TMR2_UO_IRQHandler
   Definitions
      At line 193 in file ..\..\..\Library\Device\Geehy\APM32F00x\Source\arm\st
artup_apm32f0xx.s
   Uses
      At line 91 in file ..\..\..\Library\Device\Geehy\APM32F00x\Source\arm\sta
rtup_apm32f0xx.s
      At line 168 in file ..\..\..\Library\Device\Geehy\APM32F00x\Source\arm\st
artup_apm32f0xx.s

TMR4_IRQHandler 00000018

Symbol: TMR4_IRQHandler
   Definitions
      At line 199 in file ..\..\..\Library\Device\Geehy\APM32F00x\Source\arm\st
artup_apm32f0xx.s
   Uses
      At line 101 in file ..\..\..\Library\Device\Geehy\APM32F00x\Source\arm\st
artup_apm32f0xx.s
      At line 174 in file ..\..\..\Library\Device\Geehy\APM32F00x\Source\arm\st
artup_apm32f0xx.s

USART1_RX_IRQHandler 00000018

Symbol: USART1_RX_IRQHandler
   Definitions
      At line 196 in file ..\..\..\Library\Device\Geehy\APM32F00x\Source\arm\st
artup_apm32f0xx.s
   Uses
      At line 96 in file ..\..\..\Library\Device\Geehy\APM32F00x\Source\arm\sta
rtup_apm32f0xx.s
      At line 171 in file ..\..\..\Library\Device\Geehy\APM32F00x\Source\arm\st
artup_apm32f0xx.s

USART1_TX_IRQHandler 00000018



ARM Macro Assembler    Page 6 Alphabetic symbol ordering
Relocatable symbols


Symbol: USART1_TX_IRQHandler
   Definitions
      At line 195 in file ..\..\..\Library\Device\Geehy\APM32F00x\Source\arm\st
artup_apm32f0xx.s
   Uses
      At line 95 in file ..\..\..\Library\Device\Geehy\APM32F00x\Source\arm\sta
rtup_apm32f0xx.s
      At line 170 in file ..\..\..\Library\Device\Geehy\APM32F00x\Source\arm\st
artup_apm32f0xx.s

USART2_RX_IRQHandler 00000018

Symbol: USART2_RX_IRQHandler
   Definitions
      At line 204 in file ..\..\..\Library\Device\Geehy\APM32F00x\Source\arm\st
artup_apm32f0xx.s
   Uses
      At line 106 in file ..\..\..\Library\Device\Geehy\APM32F00x\Source\arm\st
artup_apm32f0xx.s
      At line 179 in file ..\..\..\Library\Device\Geehy\APM32F00x\Source\arm\st
artup_apm32f0xx.s

USART2_TX_IRQHandler 00000018

Symbol: USART2_TX_IRQHandler
   Definitions
      At line 203 in file ..\..\..\Library\Device\Geehy\APM32F00x\Source\arm\st
artup_apm32f0xx.s
   Uses
      At line 105 in file ..\..\..\Library\Device\Geehy\APM32F00x\Source\arm\st
artup_apm32f0xx.s
      At line 178 in file ..\..\..\Library\Device\Geehy\APM32F00x\Source\arm\st
artup_apm32f0xx.s

USART3_RX_IRQHandler 00000018

Symbol: USART3_RX_IRQHandler
   Definitions
      At line 202 in file ..\..\..\Library\Device\Geehy\APM32F00x\Source\arm\st
artup_apm32f0xx.s
   Uses
      At line 104 in file ..\..\..\Library\Device\Geehy\APM32F00x\Source\arm\st
artup_apm32f0xx.s
      At line 177 in file ..\..\..\Library\Device\Geehy\APM32F00x\Source\arm\st
artup_apm32f0xx.s

USART3_TX_IRQHandler 00000018

Symbol: USART3_TX_IRQHandler
   Definitions
      At line 201 in file ..\..\..\Library\Device\Geehy\APM32F00x\Source\arm\st
artup_apm32f0xx.s
   Uses
      At line 103 in file ..\..\..\Library\Device\Geehy\APM32F00x\Source\arm\st
artup_apm32f0xx.s
      At line 176 in file ..\..\..\Library\Device\Geehy\APM32F00x\Source\arm\st
artup_apm32f0xx.s




ARM Macro Assembler    Page 7 Alphabetic symbol ordering
Relocatable symbols

WUPT_IRQHandler 00000018

Symbol: WUPT_IRQHandler
   Definitions
      At line 184 in file ..\..\..\Library\Device\Geehy\APM32F00x\Source\arm\st
artup_apm32f0xx.s
   Uses
      At line 79 in file ..\..\..\Library\Device\Geehy\APM32F00x\Source\arm\sta
rtup_apm32f0xx.s
      At line 159 in file ..\..\..\Library\Device\Geehy\APM32F00x\Source\arm\st
artup_apm32f0xx.s

__user_initial_stackheap 0000001C

Symbol: __user_initial_stackheap
   Definitions
      At line 228 in file ..\..\..\Library\Device\Geehy\APM32F00x\Source\arm\st
artup_apm32f0xx.s
   Uses
      At line 226 in file ..\..\..\Library\Device\Geehy\APM32F00x\Source\arm\st
artup_apm32f0xx.s
Comment: __user_initial_stackheap used once
32 symbols



ARM Macro Assembler    Page 1 Alphabetic symbol ordering
Absolute symbols

Heap_Size 00000200

Symbol: Heap_Size
   Definitions
      At line 42 in file ..\..\..\Library\Device\Geehy\APM32F00x\Source\arm\sta
rtup_apm32f0xx.s
   Uses
      At line 44 in file ..\..\..\Library\Device\Geehy\APM32F00x\Source\arm\sta
rtup_apm32f0xx.s
      At line 47 in file ..\..\..\Library\Device\Geehy\APM32F00x\Source\arm\sta
rtup_apm32f0xx.s
      At line 232 in file ..\..\..\Library\Device\Geehy\APM32F00x\Source\arm\st
artup_apm32f0xx.s

Stack_Size 00000400

Symbol: Stack_Size
   Definitions
      At line 30 in file ..\..\..\Library\Device\Geehy\APM32F00x\Source\arm\sta
rtup_apm32f0xx.s
   Uses
      At line 34 in file ..\..\..\Library\Device\Geehy\APM32F00x\Source\arm\sta
rtup_apm32f0xx.s
      At line 231 in file ..\..\..\Library\Device\Geehy\APM32F00x\Source\arm\st
artup_apm32f0xx.s

__Vectors_Size 000000BC

Symbol: __Vectors_Size
   Definitions
      At line 112 in file ..\..\..\Library\Device\Geehy\APM32F00x\Source\arm\st
artup_apm32f0xx.s
   Uses
      At line 58 in file ..\..\..\Library\Device\Geehy\APM32F00x\Source\arm\sta
rtup_apm32f0xx.s
Comment: __Vectors_Size used once
3 symbols



ARM Macro Assembler    Page 1 Alphabetic symbol ordering
External symbols

SystemInit 00000000

Symbol: SystemInit
   Definitions
      At line 120 in file ..\..\..\Library\Device\Geehy\APM32F00x\Source\arm\st
artup_apm32f0xx.s
   Uses
      At line 127 in file ..\..\..\Library\Device\Geehy\APM32F00x\Source\arm\st
artup_apm32f0xx.s
Comment: SystemInit used once
__main 00000000

Symbol: __main
   Definitions
      At line 119 in file ..\..\..\Library\Device\Geehy\APM32F00x\Source\arm\st
artup_apm32f0xx.s
   Uses
      At line 129 in file ..\..\..\Library\Device\Geehy\APM32F00x\Source\arm\st
artup_apm32f0xx.s
Comment: __main used once
__use_two_region_memory 00000000

Symbol: __use_two_region_memory
   Definitions
      At line 225 in file ..\..\..\Library\Device\Geehy\APM32F00x\Source\arm\st
artup_apm32f0xx.s
   Uses
      None
Comment: __use_two_region_memory unused
3 symbols
386 symbols in table
